<?xml version="1.0" encoding="UTF-8"?>
<robot generator="Robot 3.1.1 (Python 3.7.2 on win32)" generated="20190322 13:13:42.853" rpa="false">
<suite id="s1" name="Demo" source="C:\Users\yvake\PycharmProjects\keyword-demo\demo.robot">
<test id="s1-t1" name="Test case 1">
<kw name="Do Something">
<kw name="Log" library="BuiltIn">
<doc>Logs the given message with the given level.</doc>
<arguments>
<arg>I am doing something...</arg>
</arguments>
<msg timestamp="20190322 13:13:42.891" level="INFO">I am doing something...</msg>
<status status="PASS" starttime="20190322 13:13:42.891" endtime="20190322 13:13:42.891"></status>
</kw>
<status status="PASS" starttime="20190322 13:13:42.890" endtime="20190322 13:13:42.891"></status>
</kw>
<kw name="Do Something Else">
<kw name="Log" library="BuiltIn">
<doc>Logs the given message with the given level.</doc>
<arguments>
<arg>I am doing something else...</arg>
</arguments>
<msg timestamp="20190322 13:13:42.892" level="INFO">I am doing something else...</msg>
<status status="PASS" starttime="20190322 13:13:42.891" endtime="20190322 13:13:42.892"></status>
</kw>
<status status="PASS" starttime="20190322 13:13:42.891" endtime="20190322 13:13:42.892"></status>
</kw>
<status status="PASS" starttime="20190322 13:13:42.890" endtime="20190322 13:13:42.892" critical="yes"></status>
</test>
<test id="s1-t2" name="Test case 2">
<kw name="Do Another Thing">
<kw name="Log" library="BuiltIn">
<doc>Logs the given message with the given level.</doc>
<arguments>
<arg>I am doing another thing...</arg>
</arguments>
<msg timestamp="20190322 13:13:42.893" level="INFO">I am doing another thing...</msg>
<status status="PASS" starttime="20190322 13:13:42.893" endtime="20190322 13:13:42.893"></status>
</kw>
<status status="PASS" starttime="20190322 13:13:42.893" endtime="20190322 13:13:42.893"></status>
</kw>
<kw name="Do Something Else">
<kw name="Log" library="BuiltIn">
<doc>Logs the given message with the given level.</doc>
<arguments>
<arg>I am doing something else...</arg>
</arguments>
<msg timestamp="20190322 13:13:42.894" level="INFO">I am doing something else...</msg>
<status status="PASS" starttime="20190322 13:13:42.894" endtime="20190322 13:13:42.894"></status>
</kw>
<status status="PASS" starttime="20190322 13:13:42.893" endtime="20190322 13:13:42.894"></status>
</kw>
<status status="PASS" starttime="20190322 13:13:42.892" endtime="20190322 13:13:42.894" critical="yes"></status>
</test>
<status status="PASS" starttime="20190322 13:13:42.860" endtime="20190322 13:13:42.895"></status>
</suite>
<statistics>
<total>
<stat pass="2" fail="0">Critical Tests</stat>
<stat pass="2" fail="0">All Tests</stat>
</total>
<tag>
</tag>
<suite>
<stat pass="2" fail="0" id="s1" name="Demo">Demo</stat>
</suite>
</statistics>
<errors>
</errors>
</robot>
