<?xml version="1.0" encoding="UTF-8"?>
<robot generator="Robot 3.1.1 (Python 3.7.0 on win32)" generated="20190324 16:39:39.080" rpa="false">
<suite id="s1" name="Googlerunner" source="C:\development\robot-scripts\keyword-demo\Tests\googlerunner.robot">
<test id="s1-t1" name="Search">
<kw name="Begin Web Test" library="Common" type="setup">
<kw name="Open Browser" library="SeleniumLibrary">
<doc>Opens a new browser instance to the given ``url``.</doc>
<arguments>
<arg>about:blank</arg>
<arg>chrome</arg>
</arguments>
<msg timestamp="20190324 16:39:39.332" level="INFO">Opening browser 'chrome' to base url 'about:blank'.</msg>
<status status="PASS" starttime="20190324 16:39:39.331" endtime="20190324 16:39:42.077"></status>
</kw>
<status status="PASS" starttime="20190324 16:39:39.331" endtime="20190324 16:39:42.078"></status>
</kw>
<kw name="Search for Products" library="GoogleKeyWords">
<kw name="Load" library="LandingPage">
<kw name="Go To" library="SeleniumLibrary">
<doc>Navigates the active browser instance to the provided ``url``.</doc>
<arguments>
<arg>http://www.google.com</arg>
</arguments>
<msg timestamp="20190324 16:39:42.079" level="INFO">Opening url 'http://www.google.com'</msg>
<status status="PASS" starttime="20190324 16:39:42.079" endtime="20190324 16:39:44.446"></status>
</kw>
<status status="PASS" starttime="20190324 16:39:42.079" endtime="20190324 16:39:44.446"></status>
</kw>
<kw name="Verify Page Loaded" library="LandingPage">
<kw name="Wait Until Page Contains" library="SeleniumLibrary">
<doc>Waits until ``text`` appears on current page.</doc>
<arguments>
<arg>Мова Google</arg>
</arguments>
<status status="PASS" starttime="20190324 16:39:44.447" endtime="20190324 16:39:44.476"></status>
</kw>
<status status="PASS" starttime="20190324 16:39:44.446" endtime="20190324 16:39:44.476"></status>
</kw>
<status status="PASS" starttime="20190324 16:39:42.078" endtime="20190324 16:39:44.477"></status>
</kw>
<kw name="End web test" library="Common" type="teardown">
<kw name="Close Browser" library="SeleniumLibrary">
<doc>Closes the current browser.</doc>
<status status="PASS" starttime="20190324 16:39:44.477" endtime="20190324 16:39:46.626"></status>
</kw>
<status status="PASS" starttime="20190324 16:39:44.477" endtime="20190324 16:39:46.626"></status>
</kw>
<status status="PASS" starttime="20190324 16:39:39.330" endtime="20190324 16:39:46.627" critical="yes"></status>
</test>
<status status="PASS" starttime="20190324 16:39:39.082" endtime="20190324 16:39:46.629"></status>
</suite>
<statistics>
<total>
<stat pass="1" fail="0">Critical Tests</stat>
<stat pass="1" fail="0">All Tests</stat>
</total>
<tag>
</tag>
<suite>
<stat pass="1" fail="0" id="s1" name="Googlerunner">Googlerunner</stat>
</suite>
</statistics>
<errors>
</errors>
</robot>
