<?xml version="1.0" encoding="UTF-8"?>
<robot generator="Robot 3.1.1 (Python 3.7.3 on win32)" generated="20190413 13:17:15.991" rpa="false">
<suite id="s1" name="GoogleRunner" source="C:\Users\Eugene\PycharmProjects\keyword-demo\Tests\GoogleRunner.robot">
<test id="s1-t1" name="End-to-End">
<kw name="Begin Web Test" library="Common" type="setup">
<kw name="Open Browser" library="SeleniumLibrary">
<doc>Opens a new browser instance to the given ``url``.</doc>
<arguments>
<arg>about:blank</arg>
<arg>${BROWSER}</arg>
</arguments>
<msg timestamp="20190413 13:17:16.272" level="INFO">Opening browser 'chrome' to base url 'about:blank'.</msg>
<status status="PASS" starttime="20190413 13:17:16.272" endtime="20190413 13:17:18.593"></status>
</kw>
<kw name="Maximize Browser Window" library="SeleniumLibrary">
<doc>Maximizes current browser window.</doc>
<status status="PASS" starttime="20190413 13:17:18.593" endtime="20190413 13:17:19.723"></status>
</kw>
<status status="PASS" starttime="20190413 13:17:16.271" endtime="20190413 13:17:19.723"></status>
</kw>
<kw name="Search for Products" library="GoogleKeyWords">
<kw name="Load" library="LandingPage">
<kw name="Go To" library="SeleniumLibrary">
<doc>Navigates the active browser instance to the provided ``url``.</doc>
<arguments>
<arg>${START_URL}</arg>
</arguments>
<msg timestamp="20190413 13:17:19.725" level="INFO">Opening url 'http://www.google.com.ua'</msg>
<status status="PASS" starttime="20190413 13:17:19.725" endtime="20190413 13:17:21.850"></status>
</kw>
<status status="PASS" starttime="20190413 13:17:19.724" endtime="20190413 13:17:21.850"></status>
</kw>
<kw name="Verify Page Loaded" library="LandingPage">
<kw name="Wait Until Page Contains" library="SeleniumLibrary">
<doc>Waits until ``text`` appears on current page.</doc>
<arguments>
<arg>Мова Google</arg>
</arguments>
<status status="PASS" starttime="20190413 13:17:21.851" endtime="20190413 13:17:21.884"></status>
</kw>
<status status="PASS" starttime="20190413 13:17:21.850" endtime="20190413 13:17:21.885"></status>
</kw>
<kw name="Input some text" library="LandingPage">
<kw name="Input Text" library="SeleniumLibrary">
<doc>Types the given ``text`` into text field identified by ``locator``.</doc>
<arguments>
<arg>xpath://input[@class="gLFyf gsfi"]</arg>
<arg>${SEARCH_TERM}</arg>
</arguments>
<msg timestamp="20190413 13:17:21.886" level="INFO">Typing text 'Selenium' into text field 'xpath://input[@class="gLFyf gsfi"]'.</msg>
<status status="PASS" starttime="20190413 13:17:21.885" endtime="20190413 13:17:22.166"></status>
</kw>
<status status="PASS" starttime="20190413 13:17:21.885" endtime="20190413 13:17:22.167"></status>
</kw>
<kw name="Click ENTER" library="LandingPage">
<kw name="Press Keys" library="SeleniumLibrary">
<doc>Simulates user pressing key(s) to an element or on the active browser.</doc>
<arguments>
<arg>xpath://input[@class="gLFyf gsfi"]</arg>
<arg>ENTER</arg>
</arguments>
<msg timestamp="20190413 13:17:22.168" level="INFO">Sending key(s) ('ENTER',) to xpath://input[@class="gLFyf gsfi"] element.</msg>
<msg timestamp="20190413 13:17:22.241" level="INFO">Pressing special key ENTER to element.</msg>
<status status="PASS" starttime="20190413 13:17:22.168" endtime="20190413 13:17:24.089"></status>
</kw>
<status status="PASS" starttime="20190413 13:17:22.167" endtime="20190413 13:17:24.089"></status>
</kw>
<kw name="Verify that page contains link" library="LandingPage">
<kw name="Page Should Contain Link" library="SeleniumLibrary">
<doc>Verifies link identified by ``locator`` is found from current page.</doc>
<arguments>
<arg>https://www.seleniumhq.org/</arg>
</arguments>
<msg timestamp="20190413 13:17:24.117" level="INFO">Current page contains link 'https://www.seleniumhq.org/'.</msg>
<status status="PASS" starttime="20190413 13:17:24.090" endtime="20190413 13:17:24.117"></status>
</kw>
<status status="PASS" starttime="20190413 13:17:24.090" endtime="20190413 13:17:24.118"></status>
</kw>
<kw name="Scroll down" library="LandingPage">
<kw name="Mouse Down On Link" library="SeleniumLibrary">
<doc>Simulates a mouse down event on a link identified by ``locator``.</doc>
<arguments>
<arg>https://support.google.com/websearch/?p=ws_results_help&amp;hl=uk&amp;fg=1</arg>
</arguments>
<status status="PASS" starttime="20190413 13:17:24.118" endtime="20190413 13:17:24.279"></status>
</kw>
<status status="PASS" starttime="20190413 13:17:24.118" endtime="20190413 13:17:24.279"></status>
</kw>
<kw name="Screenshot" library="LandingPage">
<kw name="Capture Page Screenshot" library="SeleniumLibrary">
<doc>Takes screenshot of the current page and embeds it into log file.</doc>
<msg timestamp="20190413 13:17:24.858" level="INFO" html="yes">&lt;/td&gt;&lt;/tr&gt;&lt;tr&gt;&lt;td colspan="3"&gt;&lt;a href="selenium-screenshot-23.png"&gt;&lt;img src="selenium-screenshot-23.png" width="800px"&gt;&lt;/a&gt;</msg>
<status status="PASS" starttime="20190413 13:17:24.280" endtime="20190413 13:17:24.859"></status>
</kw>
<status status="PASS" starttime="20190413 13:17:24.280" endtime="20190413 13:17:24.859"></status>
</kw>
<kw name="Get Log" library="LandingPage">
<kw name="Log Title" library="SeleniumLibrary">
<doc>Logs and returns the title of current page.</doc>
<msg timestamp="20190413 13:17:24.871" level="INFO">Selenium - Пошук Google</msg>
<status status="PASS" starttime="20190413 13:17:24.859" endtime="20190413 13:17:24.871"></status>
</kw>
<status status="PASS" starttime="20190413 13:17:24.859" endtime="20190413 13:17:24.871"></status>
</kw>
<status status="PASS" starttime="20190413 13:17:19.724" endtime="20190413 13:17:24.871"></status>
</kw>
<kw name="End web test" library="Common" type="teardown">
<kw name="Close Browser" library="SeleniumLibrary">
<doc>Closes the current browser.</doc>
<status status="PASS" starttime="20190413 13:17:24.872" endtime="20190413 13:17:27.109"></status>
</kw>
<status status="PASS" starttime="20190413 13:17:24.872" endtime="20190413 13:17:27.109"></status>
</kw>
<tags>
<tag>Current</tag>
</tags>
<status status="PASS" starttime="20190413 13:17:16.270" endtime="20190413 13:17:27.110" critical="yes"></status>
</test>
<status status="PASS" starttime="20190413 13:17:15.993" endtime="20190413 13:17:27.112"></status>
</suite>
<statistics>
<total>
<stat pass="1" fail="0">Critical Tests</stat>
<stat pass="1" fail="0">All Tests</stat>
</total>
<tag>
<stat pass="1" fail="0">Current</stat>
</tag>
<suite>
<stat pass="1" fail="0" id="s1" name="GoogleRunner">GoogleRunner</stat>
</suite>
</statistics>
<errors>
</errors>
</robot>
