<?xml version="1.0" encoding="UTF-8"?>
<robot generator="Robot 3.1.1 (Python 3.7.2 on win32)" generated="20190329 18:05:13.965" rpa="false">
<suite id="s1" name="GoogleRunner" source="C:\Users\yvake\PycharmProjects\keyword-demo\Tests\GoogleRunner.robot">
<test id="s1-t1" name="End-to-End">
<kw name="Begin Web Test" library="Common" type="setup">
<kw name="Open Browser" library="SeleniumLibrary">
<doc>Opens a new browser instance to the given ``url``.</doc>
<arguments>
<arg>about:blank</arg>
<arg>chrome</arg>
</arguments>
<msg timestamp="20190329 18:05:14.224" level="INFO">Opening browser 'chrome' to base url 'about:blank'.</msg>
<status status="PASS" starttime="20190329 18:05:14.224" endtime="20190329 18:05:16.618"></status>
</kw>
<status status="PASS" starttime="20190329 18:05:14.223" endtime="20190329 18:05:16.618"></status>
</kw>
<kw name="Search for Products" library="GoogleKeyWords">
<kw name="Load" library="LandingPage">
<kw name="Go To" library="SeleniumLibrary">
<doc>Navigates the active browser instance to the provided ``url``.</doc>
<arguments>
<arg>http://www.google.com</arg>
</arguments>
<msg timestamp="20190329 18:05:16.619" level="INFO">Opening url 'http://www.google.com'</msg>
<status status="PASS" starttime="20190329 18:05:16.619" endtime="20190329 18:05:17.519"></status>
</kw>
<status status="PASS" starttime="20190329 18:05:16.619" endtime="20190329 18:05:17.519"></status>
</kw>
<kw name="Verify Page Loaded" library="LandingPage">
<kw name="Wait Until Page Contains" library="SeleniumLibrary">
<doc>Waits until ``text`` appears on current page.</doc>
<arguments>
<arg>Мова Google</arg>
</arguments>
<status status="PASS" starttime="20190329 18:05:17.520" endtime="20190329 18:05:17.538"></status>
</kw>
<status status="PASS" starttime="20190329 18:05:17.519" endtime="20190329 18:05:17.538"></status>
</kw>
<kw name="Input some text" library="LandingPage">
<kw name="Input Text" library="SeleniumLibrary">
<doc>Types the given ``text`` into text field identified by ``locator``.</doc>
<arguments>
<arg>xpath://input[@class="gLFyf gsfi"]</arg>
<arg>selenium</arg>
</arguments>
<msg timestamp="20190329 18:05:17.539" level="INFO">Typing text 'selenium' into text field 'xpath://input[@class="gLFyf gsfi"]'.</msg>
<status status="PASS" starttime="20190329 18:05:17.539" endtime="20190329 18:05:17.641"></status>
</kw>
<status status="PASS" starttime="20190329 18:05:17.538" endtime="20190329 18:05:17.641"></status>
</kw>
<kw name="Click ENTER" library="LandingPage">
<kw name="Press Keys" library="SeleniumLibrary">
<doc>Simulates user pressing key(s) to an element or on the active browser.</doc>
<arguments>
<arg>xpath://input[@class="gLFyf gsfi"]</arg>
<arg>ENTER</arg>
</arguments>
<msg timestamp="20190329 18:05:17.642" level="INFO">Sending key(s) ('ENTER',) to xpath://input[@class="gLFyf gsfi"] element.</msg>
<msg timestamp="20190329 18:05:17.651" level="INFO">Pressing special key ENTER to element.</msg>
<status status="PASS" starttime="20190329 18:05:17.642" endtime="20190329 18:05:18.520"></status>
</kw>
<status status="PASS" starttime="20190329 18:05:17.642" endtime="20190329 18:05:18.520"></status>
</kw>
<kw name="Verify that page contains link" library="LandingPage">
<kw name="Page Should Contain Link" library="SeleniumLibrary">
<doc>Verifies link identified by ``locator`` is found from current page.</doc>
<arguments>
<arg>https://www.seleniumhq.org/</arg>
</arguments>
<msg timestamp="20190329 18:05:18.556" level="INFO">Current page contains link 'https://www.seleniumhq.org/'.</msg>
<status status="PASS" starttime="20190329 18:05:18.520" endtime="20190329 18:05:18.556"></status>
</kw>
<status status="PASS" starttime="20190329 18:05:18.520" endtime="20190329 18:05:18.556"></status>
</kw>
<kw name="Scroll down" library="LandingPage">
<kw name="Mouse Down On Link" library="SeleniumLibrary">
<doc>Simulates a mouse down event on a link identified by ``locator``.</doc>
<arguments>
<arg>https://support.google.com/websearch/?p=ws_results_help&amp;hl=uk&amp;fg=1</arg>
</arguments>
<status status="PASS" starttime="20190329 18:05:18.557" endtime="20190329 18:05:18.592"></status>
</kw>
<status status="PASS" starttime="20190329 18:05:18.557" endtime="20190329 18:05:18.592"></status>
</kw>
<kw name="Wait to have view" library="LandingPage">
<kw name="Set Browser Implicit Wait" library="SeleniumLibrary">
<doc>Sets the implicit wait value used by Selenium.</doc>
<arguments>
<arg>10.0</arg>
</arguments>
<status status="PASS" starttime="20190329 18:05:18.593" endtime="20190329 18:05:18.594"></status>
</kw>
<status status="PASS" starttime="20190329 18:05:18.592" endtime="20190329 18:05:18.594"></status>
</kw>
<kw name="Screenshot" library="LandingPage">
<kw name="Capture Page Screenshot" library="SeleniumLibrary">
<doc>Takes screenshot of the current page and embeds it into log file.</doc>
<msg timestamp="20190329 18:05:18.911" level="INFO" html="yes">&lt;/td&gt;&lt;/tr&gt;&lt;tr&gt;&lt;td colspan="3"&gt;&lt;a href="selenium-screenshot-12.png"&gt;&lt;img src="selenium-screenshot-12.png" width="800px"&gt;&lt;/a&gt;</msg>
<status status="PASS" starttime="20190329 18:05:18.594" endtime="20190329 18:05:18.911"></status>
</kw>
<status status="PASS" starttime="20190329 18:05:18.594" endtime="20190329 18:05:18.911"></status>
</kw>
<status status="PASS" starttime="20190329 18:05:16.619" endtime="20190329 18:05:18.911"></status>
</kw>
<kw name="End web test" library="Common" type="teardown">
<kw name="Close Browser" library="SeleniumLibrary">
<doc>Closes the current browser.</doc>
<status status="PASS" starttime="20190329 18:05:18.912" endtime="20190329 18:05:22.520"></status>
</kw>
<status status="PASS" starttime="20190329 18:05:18.912" endtime="20190329 18:05:22.520"></status>
</kw>
<status status="PASS" starttime="20190329 18:05:14.223" endtime="20190329 18:05:22.521" critical="yes"></status>
</test>
<status status="PASS" starttime="20190329 18:05:13.971" endtime="20190329 18:05:22.526"></status>
</suite>
<statistics>
<total>
<stat pass="1" fail="0">Critical Tests</stat>
<stat pass="1" fail="0">All Tests</stat>
</total>
<tag>
</tag>
<suite>
<stat pass="1" fail="0" id="s1" name="GoogleRunner">GoogleRunner</stat>
</suite>
</statistics>
<errors>
</errors>
</robot>
