<?xml version="1.0" encoding="UTF-8"?>
<robot generator="Robot 3.1.1 (Python 3.7.0 on win32)" generated="20190323 15:14:53.920" rpa="false">
<suite id="s1" name="Asiaworld" source="C:\development\robot-scripts\keyword-demo\Tests\asiaworld.robot">
<test id="s1-t1" name="User must sign in to check out">
<kw name="Begin Web Test" library="Common">
<kw name="Open Browser" library="SeleniumLibrary">
<doc>Opens a new browser instance to the given ``url``.</doc>
<arguments>
<arg>about:blank</arg>
<arg>chrome</arg>
</arguments>
<msg timestamp="20190323 15:14:54.171" level="INFO">Opening browser 'chrome' to base url 'about:blank'.</msg>
<status status="PASS" starttime="20190323 15:14:54.171" endtime="20190323 15:14:56.751"></status>
</kw>
<status status="PASS" starttime="20190323 15:14:54.170" endtime="20190323 15:14:56.751"></status>
</kw>
<kw name="Search for Products" library="Asiaworld">
<kw name="Go To" library="SeleniumLibrary">
<doc>Navigates the active browser instance to the provided ``url``.</doc>
<arguments>
<arg>https://asiaworld.cn.ua/</arg>
</arguments>
<msg timestamp="20190323 15:14:56.752" level="INFO">Opening url 'https://asiaworld.cn.ua/'</msg>
<status status="PASS" starttime="20190323 15:14:56.752" endtime="20190323 15:15:02.720"></status>
</kw>
<kw name="Wait Until Page Contains" library="SeleniumLibrary">
<doc>Waits until ``text`` appears on current page.</doc>
<arguments>
<arg>Отследить посылку в Китае</arg>
</arguments>
<status status="PASS" starttime="20190323 15:15:02.720" endtime="20190323 15:15:02.851"></status>
</kw>
<status status="PASS" starttime="20190323 15:14:56.752" endtime="20190323 15:15:02.851"></status>
</kw>
<kw name="End web test" library="Common">
<kw name="Close Browser" library="SeleniumLibrary">
<doc>Closes the current browser.</doc>
<status status="PASS" starttime="20190323 15:15:02.852" endtime="20190323 15:15:05.027"></status>
</kw>
<status status="PASS" starttime="20190323 15:15:02.851" endtime="20190323 15:15:05.027"></status>
</kw>
<doc>This is some basic info about the test</doc>
<tags>
<tag>Smoke</tag>
</tags>
<status status="PASS" starttime="20190323 15:14:54.169" endtime="20190323 15:15:05.028" critical="yes"></status>
</test>
<doc>This is some basic info about the whole suite</doc>
<status status="PASS" starttime="20190323 15:14:53.922" endtime="20190323 15:15:05.030"></status>
</suite>
<statistics>
<total>
<stat pass="1" fail="0">Critical Tests</stat>
<stat pass="1" fail="0">All Tests</stat>
</total>
<tag>
<stat pass="1" fail="0">Smoke</stat>
</tag>
<suite>
<stat pass="1" fail="0" id="s1" name="Asiaworld">Asiaworld</stat>
</suite>
</statistics>
<errors>
</errors>
</robot>
