1555250937909	mozrunner::runner	INFO	Running command: "C:\\Program Files\\Firefox Developer Edition\\firefox.exe" "-marionette" "-foreground" "-no-remote" "-profile" "C:\\Users\\Eugene\\AppData\\Local\\Temp\\rust_mozprofile.i2Adc456ae3V"
1555250938963	addons.webextension.screenshots@mozilla.org	WARN	Loading extension 'screenshots@mozilla.org': Reading manifest: Invalid extension permission: mozillaAddons
1555250938963	addons.webextension.screenshots@mozilla.org	WARN	Loading extension 'screenshots@mozilla.org': Reading manifest: Invalid extension permission: resource://pdf.js/
1555250938963	addons.webextension.screenshots@mozilla.org	WARN	Loading extension 'screenshots@mozilla.org': Reading manifest: Invalid extension permission: about:reader*
WARN: compileToBinary(235): 
C:\fakepath(293,14-129): warning X3571: pow(f, e) will not work for negative f, use abs(f) or conditionally handle negative values if you expect them
C:\fakepath(299,58-112): warning X3571: pow(f, e) will not work for negative f, use abs(f) or conditionally handle negative values if you expect them
C:\fakepath(322,67-72): warning X3556: integer divides may be much slower, try using uints if possible.
C:\fakepath(325,46-51): warning X3556: integer modulus may be much slower, try using uints if possible.
C:\fakepath(341,29-78): warning X3571: pow(f, e) will not work for negative f, use abs(f) or conditionally handle negative values if you expect them
C:\fakepath(165,1-6): warning X4000: use of potentially uninitialized variable (dyn_index_vec4_float4)
C:\fakepath(248,25-29): error X4576: Input array signature parameter  cannot be indexed dynamically.

WARN: compileToBinary(235): 
C:\fakepath(293,14-129): warning X3571: pow(f, e) will not work for negative f, use abs(f) or conditionally handle negative values if you expect them
C:\fakepath(299,58-112): warning X3571: pow(f, e) will not work for negative f, use abs(f) or conditionally handle negative values if you expect them
C:\fakepath(322,67-72): warning X3556: integer divides may be much slower, try using uints if possible.
C:\fakepath(325,46-51): warning X3556: integer modulus may be much slower, try using uints if possible.
C:\fakepath(341,29-78): warning X3571: pow(f, e) will not work for negative f, use abs(f) or conditionally handle negative values if you expect them
C:\fakepath(165,1-6): warning X4000: use of potentially uninitialized variable (dyn_index_vec4_float4)
C:\fakepath(248,25-29): error X4576: Input array signature parameter  cannot be indexed dynamically.

WARN: compileToBinary(235): 
C:\fakepath(322,67-72): warning X3556: integer divides may be much slower, try using uints if possible.
C:\fakepath(325,46-51): warning X3556: integer modulus may be much slower, try using uints if possible.
C:\fakepath(165,1-6): warning X4000: use of potentially uninitialized variable (dyn_index_vec4_float4)
C:\fakepath(221,1): warning X4000: use of potentially uninitialized variable (f_do_clip)

[Child 12204, Chrome_ChildThread] WARNING: pipe error: 109: file z:/task_1554969086/build/src/ipc/chromium/src/chrome/common/ipc_channel_win.cc, line 341
[Child 12204, Chrome_ChildThread] 1555250943100	Marionette	INFO	Listening on port 60667
1555250943350	Marionette	WARN	TLS certificate errors will be ignored for this session
JavaScript error: https://asiaworld.cn.ua/, line 10153: ReferenceError: VK is not defined
1555250957536	Marionette	INFO	Stopped listening on port 60667
[Child 15824, Chrome_ChildThread] WARNING: pipe error: 109: file z:/task_1554969086/build/src/ipc/chromium/src/chrome/common/ipc_channel_win.cc, line 341
[Child 15824, Chrome_ChildThread] WARNING: pipe error: 109: file z:/task_1554969086/buil[Parent 14688, Gecko_IOThread] WARNING: pipe error: 109: file z:/task_1554969086/build/src/ipc/chromium/src/chrome/common/ipc_channel_win.cc, line 341
[Child 14476, Chrome_ChildThread] WARNING: pipe error: 109: file z:/task_1554969086/build/src/ipc/chromium/src/chrome/common/ipc_channel_win.cc, line 341
[Child 14476, Chrome_ChildThread] WARNING: pipe e[Child 14124, Chrome_ChildThread] WARNING: pipe error: 109: file z:/task_1554969086/build/src/ipc/chromium/src/chrome/common/ipc_channel_win.cc, line 341
[GPU 9820, Chrom
###!!! [Child][RunMessage] Error: Channel closing: too late to send/recv, messages will be lost

e_ChildThread] WARNING: pipe error: 109: file z:/task_1554969086/build/src/i