<?xml version="1.0" encoding="UTF-8"?>
<robot generator="Robot 3.1.1 (Python 3.7.3 on win32)" generated="20190414 17:30:06.115" rpa="false">
<suite id="s1" name="Test" source="C:\Users\Eugene\PycharmProjects\keyword-demo\Tests\test.robot">
<test id="s1-t1" name="Test variables">
<kw name="Set Variable" library="BuiltIn">
<doc>Returns the given values which can then be assigned to a variables.</doc>
<arguments>
<arg>https://rozetka.com.ua/</arg>
<arg>chrome</arg>
</arguments>
<assign>
<var>@{url_and_browser}</var>
</assign>
<msg timestamp="20190414 17:30:06.400" level="INFO">@{url_and_browser} = [ https://rozetka.com.ua/ | chrome ]</msg>
<status status="PASS" starttime="20190414 17:30:06.400" endtime="20190414 17:30:06.400"></status>
</kw>
<kw name="Begin web test">
<arguments>
<arg>@{url_and_browser}</arg>
</arguments>
<kw name="Open Browser" library="SeleniumLibrary">
<doc>Opens a new browser instance to the given ``url``.</doc>
<arguments>
<arg>@{url_and_browser}[0]</arg>
<arg>@{url_and_browser}[1]</arg>
</arguments>
<msg timestamp="20190414 17:30:06.402" level="INFO">Opening browser 'chrome' to base url 'https://rozetka.com.ua/'.</msg>
<status status="PASS" starttime="20190414 17:30:06.402" endtime="20190414 17:30:14.118"></status>
</kw>
<status status="PASS" starttime="20190414 17:30:06.401" endtime="20190414 17:30:14.118"></status>
</kw>
<kw name="Close Browser" library="SeleniumLibrary">
<doc>Closes the current browser.</doc>
<status status="PASS" starttime="20190414 17:30:14.119" endtime="20190414 17:30:16.326"></status>
</kw>
<tags>
<tag>5</tag>
</tags>
<status status="PASS" starttime="20190414 17:30:06.399" endtime="20190414 17:30:16.327" critical="yes"></status>
</test>
<status status="PASS" starttime="20190414 17:30:06.117" endtime="20190414 17:30:16.329"></status>
</suite>
<statistics>
<total>
<stat pass="1" fail="0">Critical Tests</stat>
<stat pass="1" fail="0">All Tests</stat>
</total>
<tag>
<stat pass="1" fail="0">5</stat>
</tag>
<suite>
<stat pass="1" fail="0" id="s1" name="Test">Test</stat>
</suite>
</statistics>
<errors>
</errors>
</robot>
